{"/home/ryan/web/fullstackopen/FSO-Exercises/notes-frontend/src/App.jsx": {"path":"/home/ryan/web/fullstackopen/FSO-Exercises/notes-frontend/src/App.jsx","statementMap":{"0":{"start":{"line":11,"column":12},"end":{"line":147,"column":1}},"1":{"start":{"line":12,"column":27},"end":{"line":12,"column":39}},"2":{"start":{"line":13,"column":31},"end":{"line":13,"column":45}},"3":{"start":{"line":14,"column":41},"end":{"line":14,"column":55}},"4":{"start":{"line":15,"column":33},"end":{"line":15,"column":45}},"5":{"start":{"line":16,"column":33},"end":{"line":16,"column":45}},"6":{"start":{"line":17,"column":25},"end":{"line":17,"column":39}},"7":{"start":{"line":18,"column":41},"end":{"line":18,"column":56}},"8":{"start":{"line":20,"column":1},"end":{"line":24,"column":8}},"9":{"start":{"line":21,"column":2},"end":{"line":23,"column":5}},"10":{"start":{"line":22,"column":3},"end":{"line":22,"column":26}},"11":{"start":{"line":26,"column":1},"end":{"line":33,"column":8}},"12":{"start":{"line":27,"column":25},"end":{"line":27,"column":73}},"13":{"start":{"line":28,"column":2},"end":{"line":32,"column":3}},"14":{"start":{"line":29,"column":16},"end":{"line":29,"column":42}},"15":{"start":{"line":30,"column":3},"end":{"line":30,"column":17}},"16":{"start":{"line":31,"column":3},"end":{"line":31,"column":36}},"17":{"start":{"line":35,"column":21},"end":{"line":35,"column":29}},"18":{"start":{"line":37,"column":28},"end":{"line":54,"column":2}},"19":{"start":{"line":38,"column":15},"end":{"line":38,"column":45}},"20":{"start":{"line":38,"column":33},"end":{"line":38,"column":44}},"21":{"start":{"line":39,"column":22},"end":{"line":39,"column":61}},"22":{"start":{"line":41,"column":2},"end":{"line":53,"column":6}},"23":{"start":{"line":44,"column":4},"end":{"line":44,"column":74}},"24":{"start":{"line":44,"column":34},"end":{"line":44,"column":70}},"25":{"start":{"line":47,"column":4},"end":{"line":49,"column":6}},"26":{"start":{"line":50,"column":4},"end":{"line":52,"column":13}},"27":{"start":{"line":51,"column":5},"end":{"line":51,"column":27}},"28":{"start":{"line":56,"column":17},"end":{"line":61,"column":2}},"29":{"start":{"line":57,"column":2},"end":{"line":57,"column":41}},"30":{"start":{"line":58,"column":2},"end":{"line":60,"column":5}},"31":{"start":{"line":59,"column":3},"end":{"line":59,"column":40}},"32":{"start":{"line":63,"column":21},"end":{"line":82,"column":2}},"33":{"start":{"line":64,"column":2},"end":{"line":64,"column":25}},"34":{"start":{"line":65,"column":2},"end":{"line":81,"column":3}},"35":{"start":{"line":66,"column":16},"end":{"line":69,"column":5}},"36":{"start":{"line":71,"column":3},"end":{"line":71,"column":74}},"37":{"start":{"line":72,"column":3},"end":{"line":72,"column":36}},"38":{"start":{"line":73,"column":3},"end":{"line":73,"column":17}},"39":{"start":{"line":74,"column":3},"end":{"line":74,"column":19}},"40":{"start":{"line":75,"column":3},"end":{"line":75,"column":19}},"41":{"start":{"line":77,"column":3},"end":{"line":77,"column":40}},"42":{"start":{"line":78,"column":3},"end":{"line":80,"column":12}},"43":{"start":{"line":79,"column":4},"end":{"line":79,"column":26}},"44":{"start":{"line":84,"column":19},"end":{"line":105,"column":2}},"45":{"start":{"line":85,"column":26},"end":{"line":85,"column":65}},"46":{"start":{"line":86,"column":26},"end":{"line":86,"column":65}},"47":{"start":{"line":88,"column":2},"end":{"line":104,"column":4}},"48":{"start":{"line":91,"column":28},"end":{"line":91,"column":49}},"49":{"start":{"line":97,"column":44},"end":{"line":97,"column":69}},"50":{"start":{"line":98,"column":44},"end":{"line":98,"column":69}},"51":{"start":{"line":101,"column":28},"end":{"line":101,"column":50}},"52":{"start":{"line":107,"column":18},"end":{"line":111,"column":2}},"53":{"start":{"line":108,"column":2},"end":{"line":110,"column":14}},"54":{"start":{"line":113,"column":21},"end":{"line":113,"column":77}},"55":{"start":{"line":113,"column":62},"end":{"line":113,"column":76}},"56":{"start":{"line":115,"column":1},"end":{"line":146,"column":3}},"57":{"start":{"line":130,"column":27},"end":{"line":130,"column":47}},"58":{"start":{"line":136,"column":5},"end":{"line":140,"column":7}},"59":{"start":{"line":139,"column":30},"end":{"line":139,"column":57}}},"fnMap":{"0":{"name":"(anonymous_0)","decl":{"start":{"line":11,"column":12},"end":{"line":11,"column":13}},"loc":{"start":{"line":11,"column":18},"end":{"line":147,"column":1}},"line":11},"1":{"name":"(anonymous_1)","decl":{"start":{"line":20,"column":11},"end":{"line":20,"column":12}},"loc":{"start":{"line":20,"column":17},"end":{"line":24,"column":2}},"line":20},"2":{"name":"(anonymous_2)","decl":{"start":{"line":21,"column":28},"end":{"line":21,"column":29}},"loc":{"start":{"line":21,"column":46},"end":{"line":23,"column":3}},"line":21},"3":{"name":"(anonymous_3)","decl":{"start":{"line":26,"column":11},"end":{"line":26,"column":12}},"loc":{"start":{"line":26,"column":17},"end":{"line":33,"column":2}},"line":26},"4":{"name":"(anonymous_4)","decl":{"start":{"line":37,"column":28},"end":{"line":37,"column":29}},"loc":{"start":{"line":37,"column":36},"end":{"line":54,"column":2}},"line":37},"5":{"name":"(anonymous_5)","decl":{"start":{"line":38,"column":26},"end":{"line":38,"column":27}},"loc":{"start":{"line":38,"column":33},"end":{"line":38,"column":44}},"line":38},"6":{"name":"(anonymous_6)","decl":{"start":{"line":43,"column":9},"end":{"line":43,"column":10}},"loc":{"start":{"line":43,"column":27},"end":{"line":45,"column":4}},"line":43},"7":{"name":"(anonymous_7)","decl":{"start":{"line":44,"column":23},"end":{"line":44,"column":24}},"loc":{"start":{"line":44,"column":34},"end":{"line":44,"column":70}},"line":44},"8":{"name":"(anonymous_8)","decl":{"start":{"line":46,"column":10},"end":{"line":46,"column":11}},"loc":{"start":{"line":46,"column":21},"end":{"line":53,"column":4}},"line":46},"9":{"name":"(anonymous_9)","decl":{"start":{"line":50,"column":15},"end":{"line":50,"column":16}},"loc":{"start":{"line":50,"column":21},"end":{"line":52,"column":5}},"line":50},"10":{"name":"(anonymous_10)","decl":{"start":{"line":56,"column":17},"end":{"line":56,"column":18}},"loc":{"start":{"line":56,"column":33},"end":{"line":61,"column":2}},"line":56},"11":{"name":"(anonymous_11)","decl":{"start":{"line":58,"column":38},"end":{"line":58,"column":39}},"loc":{"start":{"line":58,"column":56},"end":{"line":60,"column":3}},"line":58},"12":{"name":"(anonymous_12)","decl":{"start":{"line":63,"column":21},"end":{"line":63,"column":22}},"loc":{"start":{"line":63,"column":38},"end":{"line":82,"column":2}},"line":63},"13":{"name":"(anonymous_13)","decl":{"start":{"line":78,"column":14},"end":{"line":78,"column":15}},"loc":{"start":{"line":78,"column":20},"end":{"line":80,"column":4}},"line":78},"14":{"name":"(anonymous_14)","decl":{"start":{"line":84,"column":19},"end":{"line":84,"column":20}},"loc":{"start":{"line":84,"column":25},"end":{"line":105,"column":2}},"line":84},"15":{"name":"(anonymous_15)","decl":{"start":{"line":91,"column":22},"end":{"line":91,"column":23}},"loc":{"start":{"line":91,"column":28},"end":{"line":91,"column":49}},"line":91},"16":{"name":"(anonymous_16)","decl":{"start":{"line":97,"column":28},"end":{"line":97,"column":29}},"loc":{"start":{"line":97,"column":44},"end":{"line":97,"column":69}},"line":97},"17":{"name":"(anonymous_17)","decl":{"start":{"line":98,"column":28},"end":{"line":98,"column":29}},"loc":{"start":{"line":98,"column":44},"end":{"line":98,"column":69}},"line":98},"18":{"name":"(anonymous_18)","decl":{"start":{"line":101,"column":22},"end":{"line":101,"column":23}},"loc":{"start":{"line":101,"column":28},"end":{"line":101,"column":50}},"line":101},"19":{"name":"(anonymous_19)","decl":{"start":{"line":107,"column":18},"end":{"line":107,"column":19}},"loc":{"start":{"line":108,"column":2},"end":{"line":110,"column":14}},"line":108},"20":{"name":"(anonymous_20)","decl":{"start":{"line":113,"column":52},"end":{"line":113,"column":53}},"loc":{"start":{"line":113,"column":62},"end":{"line":113,"column":76}},"line":113},"21":{"name":"(anonymous_21)","decl":{"start":{"line":130,"column":21},"end":{"line":130,"column":22}},"loc":{"start":{"line":130,"column":27},"end":{"line":130,"column":47}},"line":130},"22":{"name":"(anonymous_22)","decl":{"start":{"line":135,"column":21},"end":{"line":135,"column":22}},"loc":{"start":{"line":136,"column":5},"end":{"line":140,"column":7}},"line":136},"23":{"name":"(anonymous_23)","decl":{"start":{"line":139,"column":24},"end":{"line":139,"column":25}},"loc":{"start":{"line":139,"column":30},"end":{"line":139,"column":57}},"line":139}},"branchMap":{"0":{"loc":{"start":{"line":28,"column":2},"end":{"line":32,"column":3}},"type":"if","locations":[{"start":{"line":28,"column":2},"end":{"line":32,"column":3}},{"start":{},"end":{}}],"line":28},"1":{"loc":{"start":{"line":44,"column":34},"end":{"line":44,"column":70}},"type":"cond-expr","locations":[{"start":{"line":44,"column":51},"end":{"line":44,"column":55}},{"start":{"line":44,"column":58},"end":{"line":44,"column":70}}],"line":44},"2":{"loc":{"start":{"line":85,"column":37},"end":{"line":85,"column":63}},"type":"cond-expr","locations":[{"start":{"line":85,"column":52},"end":{"line":85,"column":58}},{"start":{"line":85,"column":61},"end":{"line":85,"column":63}}],"line":85},"3":{"loc":{"start":{"line":86,"column":37},"end":{"line":86,"column":63}},"type":"cond-expr","locations":[{"start":{"line":86,"column":52},"end":{"line":86,"column":54}},{"start":{"line":86,"column":57},"end":{"line":86,"column":63}}],"line":86},"4":{"loc":{"start":{"line":113,"column":21},"end":{"line":113,"column":77}},"type":"cond-expr","locations":[{"start":{"line":113,"column":31},"end":{"line":113,"column":36}},{"start":{"line":113,"column":39},"end":{"line":113,"column":77}}],"line":113},"5":{"loc":{"start":{"line":121,"column":4},"end":{"line":121,"column":24}},"type":"binary-expr","locations":[{"start":{"line":121,"column":4},"end":{"line":121,"column":9}},{"start":{"line":121,"column":13},"end":{"line":121,"column":24}}],"line":121},"6":{"loc":{"start":{"line":122,"column":4},"end":{"line":127,"column":4}},"type":"binary-expr","locations":[{"start":{"line":122,"column":4},"end":{"line":122,"column":8}},{"start":{"line":123,"column":4},"end":{"line":126,"column":10}}],"line":122},"7":{"loc":{"start":{"line":131,"column":11},"end":{"line":131,"column":40}},"type":"cond-expr","locations":[{"start":{"line":131,"column":21},"end":{"line":131,"column":32}},{"start":{"line":131,"column":35},"end":{"line":131,"column":40}}],"line":131}},"s":{"0":0,"1":0,"2":0,"3":0,"4":0,"5":0,"6":0,"7":0,"8":0,"9":0,"10":0,"11":0,"12":0,"13":0,"14":0,"15":0,"16":0,"17":0,"18":0,"19":0,"20":0,"21":0,"22":0,"23":0,"24":0,"25":0,"26":0,"27":0,"28":0,"29":0,"30":0,"31":0,"32":0,"33":0,"34":0,"35":0,"36":0,"37":0,"38":0,"39":0,"40":0,"41":0,"42":0,"43":0,"44":0,"45":0,"46":0,"47":0,"48":0,"49":0,"50":0,"51":0,"52":0,"53":0,"54":0,"55":0,"56":0,"57":0,"58":0,"59":0},"f":{"0":0,"1":0,"2":0,"3":0,"4":0,"5":0,"6":0,"7":0,"8":0,"9":0,"10":0,"11":0,"12":0,"13":0,"14":0,"15":0,"16":0,"17":0,"18":0,"19":0,"20":0,"21":0,"22":0,"23":0},"b":{"0":[0,0],"1":[0,0],"2":[0,0],"3":[0,0],"4":[0,0],"5":[0,0],"6":[0,0],"7":[0,0]}}
,"/home/ryan/web/fullstackopen/FSO-Exercises/notes-frontend/src/main.jsx": {"path":"/home/ryan/web/fullstackopen/FSO-Exercises/notes-frontend/src/main.jsx","statementMap":{"0":{"start":{"line":5,"column":0},"end":{"line":5,"column":69}}},"fnMap":{},"branchMap":{},"s":{"0":0},"f":{},"b":{}}
,"/home/ryan/web/fullstackopen/FSO-Exercises/notes-frontend/src/components/Footer.jsx": {"path":"/home/ryan/web/fullstackopen/FSO-Exercises/notes-frontend/src/components/Footer.jsx","statementMap":{"0":{"start":{"line":1,"column":15},"end":{"line":14,"column":1}},"1":{"start":{"line":2,"column":22},"end":{"line":6,"column":3}},"2":{"start":{"line":8,"column":2},"end":{"line":13,"column":3}}},"fnMap":{"0":{"name":"(anonymous_0)","decl":{"start":{"line":1,"column":15},"end":{"line":1,"column":16}},"loc":{"start":{"line":1,"column":21},"end":{"line":14,"column":1}},"line":1}},"branchMap":{},"s":{"0":0,"1":0,"2":0},"f":{"0":0},"b":{}}
,"/home/ryan/web/fullstackopen/FSO-Exercises/notes-frontend/src/components/LoginForm.jsx": {"path":"/home/ryan/web/fullstackopen/FSO-Exercises/notes-frontend/src/components/LoginForm.jsx","statementMap":{"0":{"start":{"line":3,"column":18},"end":{"line":31,"column":1}},"1":{"start":{"line":10,"column":1},"end":{"line":30,"column":3}},"2":{"start":{"line":33,"column":0},"end":{"line":39,"column":2}}},"fnMap":{"0":{"name":"(anonymous_0)","decl":{"start":{"line":3,"column":18},"end":{"line":3,"column":19}},"loc":{"start":{"line":9,"column":6},"end":{"line":31,"column":1}},"line":9}},"branchMap":{},"s":{"0":0,"1":0,"2":0},"f":{"0":0},"b":{}}
,"/home/ryan/web/fullstackopen/FSO-Exercises/notes-frontend/src/components/Note.jsx": {"path":"/home/ryan/web/fullstackopen/FSO-Exercises/notes-frontend/src/components/Note.jsx","statementMap":{"0":{"start":{"line":1,"column":13},"end":{"line":10,"column":1}},"1":{"start":{"line":2,"column":15},"end":{"line":2,"column":71}},"2":{"start":{"line":4,"column":1},"end":{"line":9,"column":3}}},"fnMap":{"0":{"name":"(anonymous_0)","decl":{"start":{"line":1,"column":13},"end":{"line":1,"column":14}},"loc":{"start":{"line":1,"column":45},"end":{"line":10,"column":1}},"line":1}},"branchMap":{"0":{"loc":{"start":{"line":2,"column":15},"end":{"line":2,"column":71}},"type":"cond-expr","locations":[{"start":{"line":2,"column":32},"end":{"line":2,"column":52}},{"start":{"line":2,"column":55},"end":{"line":2,"column":71}}],"line":2}},"s":{"0":1,"1":1,"2":1},"f":{"0":1},"b":{"0":[1,0]},"_coverageSchema":"1a1c01bbd47fc00a2c39e90264f33305004495a9","hash":"17237c7a68a273bb79c9add1284ae15459ff067d"}
,"/home/ryan/web/fullstackopen/FSO-Exercises/notes-frontend/src/components/NoteForm.jsx": {"path":"/home/ryan/web/fullstackopen/FSO-Exercises/notes-frontend/src/components/NoteForm.jsx","statementMap":{"0":{"start":{"line":3,"column":17},"end":{"line":29,"column":1}},"1":{"start":{"line":4,"column":32},"end":{"line":4,"column":44}},"2":{"start":{"line":6,"column":18},"end":{"line":14,"column":3}},"3":{"start":{"line":7,"column":4},"end":{"line":7,"column":26}},"4":{"start":{"line":8,"column":4},"end":{"line":11,"column":6}},"5":{"start":{"line":13,"column":4},"end":{"line":13,"column":18}},"6":{"start":{"line":16,"column":2},"end":{"line":28,"column":3}},"7":{"start":{"line":23,"column":29},"end":{"line":23,"column":59}}},"fnMap":{"0":{"name":"(anonymous_0)","decl":{"start":{"line":3,"column":17},"end":{"line":3,"column":18}},"loc":{"start":{"line":3,"column":37},"end":{"line":29,"column":1}},"line":3},"1":{"name":"(anonymous_1)","decl":{"start":{"line":6,"column":18},"end":{"line":6,"column":19}},"loc":{"start":{"line":6,"column":29},"end":{"line":14,"column":3}},"line":6},"2":{"name":"(anonymous_2)","decl":{"start":{"line":23,"column":20},"end":{"line":23,"column":21}},"loc":{"start":{"line":23,"column":29},"end":{"line":23,"column":59}},"line":23}},"branchMap":{},"s":{"0":1,"1":16,"2":16,"3":1,"4":1,"5":1,"6":16,"7":14},"f":{"0":16,"1":1,"2":14},"b":{},"_coverageSchema":"1a1c01bbd47fc00a2c39e90264f33305004495a9","hash":"1fa1f4f74d1501c326c1a3af6146b5e6825df481"}
,"/home/ryan/web/fullstackopen/FSO-Exercises/notes-frontend/src/components/Notification.jsx": {"path":"/home/ryan/web/fullstackopen/FSO-Exercises/notes-frontend/src/components/Notification.jsx","statementMap":{"0":{"start":{"line":1,"column":21},"end":{"line":11,"column":1}},"1":{"start":{"line":2,"column":2},"end":{"line":4,"column":3}},"2":{"start":{"line":3,"column":4},"end":{"line":3,"column":15}},"3":{"start":{"line":6,"column":2},"end":{"line":10,"column":3}}},"fnMap":{"0":{"name":"(anonymous_0)","decl":{"start":{"line":1,"column":21},"end":{"line":1,"column":22}},"loc":{"start":{"line":1,"column":38},"end":{"line":11,"column":1}},"line":1}},"branchMap":{"0":{"loc":{"start":{"line":2,"column":2},"end":{"line":4,"column":3}},"type":"if","locations":[{"start":{"line":2,"column":2},"end":{"line":4,"column":3}},{"start":{},"end":{}}],"line":2}},"s":{"0":0,"1":0,"2":0,"3":0},"f":{"0":0},"b":{"0":[0,0]}}
,"/home/ryan/web/fullstackopen/FSO-Exercises/notes-frontend/src/components/Togglable.jsx": {"path":"/home/ryan/web/fullstackopen/FSO-Exercises/notes-frontend/src/components/Togglable.jsx","statementMap":{"0":{"start":{"line":4,"column":18},"end":{"line":31,"column":2}},"1":{"start":{"line":5,"column":31},"end":{"line":5,"column":46}},"2":{"start":{"line":7,"column":25},"end":{"line":7,"column":59}},"3":{"start":{"line":8,"column":25},"end":{"line":8,"column":59}},"4":{"start":{"line":10,"column":26},"end":{"line":12,"column":2}},"5":{"start":{"line":11,"column":2},"end":{"line":11,"column":23}},"6":{"start":{"line":14,"column":1},"end":{"line":18,"column":4}},"7":{"start":{"line":15,"column":2},"end":{"line":17,"column":4}},"8":{"start":{"line":20,"column":1},"end":{"line":30,"column":3}},"9":{"start":{"line":33,"column":0},"end":{"line":33,"column":36}},"10":{"start":{"line":35,"column":0},"end":{"line":37,"column":2}}},"fnMap":{"0":{"name":"(anonymous_0)","decl":{"start":{"line":4,"column":29},"end":{"line":4,"column":30}},"loc":{"start":{"line":4,"column":45},"end":{"line":31,"column":1}},"line":4},"1":{"name":"(anonymous_1)","decl":{"start":{"line":10,"column":26},"end":{"line":10,"column":27}},"loc":{"start":{"line":10,"column":32},"end":{"line":12,"column":2}},"line":10},"2":{"name":"(anonymous_2)","decl":{"start":{"line":14,"column":26},"end":{"line":14,"column":27}},"loc":{"start":{"line":14,"column":32},"end":{"line":18,"column":2}},"line":14}},"branchMap":{"0":{"loc":{"start":{"line":7,"column":36},"end":{"line":7,"column":57}},"type":"cond-expr","locations":[{"start":{"line":7,"column":46},"end":{"line":7,"column":52}},{"start":{"line":7,"column":55},"end":{"line":7,"column":57}}],"line":7},"1":{"loc":{"start":{"line":8,"column":36},"end":{"line":8,"column":57}},"type":"cond-expr","locations":[{"start":{"line":8,"column":46},"end":{"line":8,"column":48}},{"start":{"line":8,"column":51},"end":{"line":8,"column":57}}],"line":8}},"s":{"0":1,"1":7,"2":7,"3":7,"4":7,"5":3,"6":7,"7":0,"8":7,"9":1,"10":1},"f":{"0":7,"1":3,"2":0},"b":{"0":[2,5],"1":[2,5]},"_coverageSchema":"1a1c01bbd47fc00a2c39e90264f33305004495a9","hash":"f36996209ea73d20c6a27b6415e2b94e8b93eef6"}
,"/home/ryan/web/fullstackopen/FSO-Exercises/notes-frontend/src/services/login.js": {"path":"/home/ryan/web/fullstackopen/FSO-Exercises/notes-frontend/src/services/login.js","statementMap":{"0":{"start":{"line":2,"column":16},"end":{"line":2,"column":28}},"1":{"start":{"line":4,"column":14},"end":{"line":7,"column":1}},"2":{"start":{"line":5,"column":18},"end":{"line":5,"column":56}},"3":{"start":{"line":6,"column":1},"end":{"line":6,"column":22}}},"fnMap":{"0":{"name":"(anonymous_0)","decl":{"start":{"line":4,"column":14},"end":{"line":4,"column":15}},"loc":{"start":{"line":4,"column":37},"end":{"line":7,"column":1}},"line":4}},"branchMap":{},"s":{"0":0,"1":0,"2":0,"3":0},"f":{"0":0},"b":{}}
,"/home/ryan/web/fullstackopen/FSO-Exercises/notes-frontend/src/services/notes.js": {"path":"/home/ryan/web/fullstackopen/FSO-Exercises/notes-frontend/src/services/notes.js","statementMap":{"0":{"start":{"line":2,"column":16},"end":{"line":2,"column":28}},"1":{"start":{"line":4,"column":12},"end":{"line":4,"column":16}},"2":{"start":{"line":6,"column":17},"end":{"line":8,"column":1}},"3":{"start":{"line":7,"column":2},"end":{"line":7,"column":30}},"4":{"start":{"line":10,"column":15},"end":{"line":13,"column":1}},"5":{"start":{"line":11,"column":18},"end":{"line":11,"column":36}},"6":{"start":{"line":12,"column":2},"end":{"line":12,"column":48}},"7":{"start":{"line":12,"column":34},"end":{"line":12,"column":47}},"8":{"start":{"line":15,"column":15},"end":{"line":22,"column":1}},"9":{"start":{"line":16,"column":17},"end":{"line":18,"column":3}},"10":{"start":{"line":20,"column":18},"end":{"line":20,"column":56}},"11":{"start":{"line":21,"column":2},"end":{"line":21,"column":48}},"12":{"start":{"line":21,"column":34},"end":{"line":21,"column":47}},"13":{"start":{"line":24,"column":15},"end":{"line":27,"column":1}},"14":{"start":{"line":25,"column":18},"end":{"line":25,"column":58}},"15":{"start":{"line":26,"column":2},"end":{"line":26,"column":48}},"16":{"start":{"line":26,"column":34},"end":{"line":26,"column":47}}},"fnMap":{"0":{"name":"(anonymous_0)","decl":{"start":{"line":6,"column":17},"end":{"line":6,"column":18}},"loc":{"start":{"line":6,"column":29},"end":{"line":8,"column":1}},"line":6},"1":{"name":"(anonymous_1)","decl":{"start":{"line":10,"column":15},"end":{"line":10,"column":16}},"loc":{"start":{"line":10,"column":21},"end":{"line":13,"column":1}},"line":10},"2":{"name":"(anonymous_2)","decl":{"start":{"line":12,"column":22},"end":{"line":12,"column":23}},"loc":{"start":{"line":12,"column":34},"end":{"line":12,"column":47}},"line":12},"3":{"name":"(anonymous_3)","decl":{"start":{"line":15,"column":15},"end":{"line":15,"column":16}},"loc":{"start":{"line":15,"column":28},"end":{"line":22,"column":1}},"line":15},"4":{"name":"(anonymous_4)","decl":{"start":{"line":21,"column":22},"end":{"line":21,"column":23}},"loc":{"start":{"line":21,"column":34},"end":{"line":21,"column":47}},"line":21},"5":{"name":"(anonymous_5)","decl":{"start":{"line":24,"column":15},"end":{"line":24,"column":16}},"loc":{"start":{"line":24,"column":34},"end":{"line":27,"column":1}},"line":24},"6":{"name":"(anonymous_6)","decl":{"start":{"line":26,"column":22},"end":{"line":26,"column":23}},"loc":{"start":{"line":26,"column":34},"end":{"line":26,"column":47}},"line":26}},"branchMap":{},"s":{"0":0,"1":0,"2":0,"3":0,"4":0,"5":0,"6":0,"7":0,"8":0,"9":0,"10":0,"11":0,"12":0,"13":0,"14":0,"15":0,"16":0},"f":{"0":0,"1":0,"2":0,"3":0,"4":0,"5":0,"6":0},"b":{}}
}
