TN:
SF:src/App.jsx
FN:11,(anonymous_0)
FN:20,(anonymous_1)
FN:21,(anonymous_2)
FN:26,(anonymous_3)
FN:37,(anonymous_4)
FN:38,(anonymous_5)
FN:43,(anonymous_6)
FN:44,(anonymous_7)
FN:46,(anonymous_8)
FN:50,(anonymous_9)
FN:56,(anonymous_10)
FN:58,(anonymous_11)
FN:63,(anonymous_12)
FN:78,(anonymous_13)
FN:84,(anonymous_14)
FN:91,(anonymous_15)
FN:97,(anonymous_16)
FN:98,(anonymous_17)
FN:101,(anonymous_18)
FN:107,(anonymous_19)
FN:113,(anonymous_20)
FN:130,(anonymous_21)
FN:135,(anonymous_22)
FN:139,(anonymous_23)
FNF:24
FNH:0
FNDA:0,(anonymous_0)
FNDA:0,(anonymous_1)
FNDA:0,(anonymous_2)
FNDA:0,(anonymous_3)
FNDA:0,(anonymous_4)
FNDA:0,(anonymous_5)
FNDA:0,(anonymous_6)
FNDA:0,(anonymous_7)
FNDA:0,(anonymous_8)
FNDA:0,(anonymous_9)
FNDA:0,(anonymous_10)
FNDA:0,(anonymous_11)
FNDA:0,(anonymous_12)
FNDA:0,(anonymous_13)
FNDA:0,(anonymous_14)
FNDA:0,(anonymous_15)
FNDA:0,(anonymous_16)
FNDA:0,(anonymous_17)
FNDA:0,(anonymous_18)
FNDA:0,(anonymous_19)
FNDA:0,(anonymous_20)
FNDA:0,(anonymous_21)
FNDA:0,(anonymous_22)
FNDA:0,(anonymous_23)
DA:11,0
DA:12,0
DA:13,0
DA:14,0
DA:15,0
DA:16,0
DA:17,0
DA:18,0
DA:20,0
DA:21,0
DA:22,0
DA:26,0
DA:27,0
DA:28,0
DA:29,0
DA:30,0
DA:31,0
DA:35,0
DA:37,0
DA:38,0
DA:39,0
DA:41,0
DA:44,0
DA:47,0
DA:50,0
DA:51,0
DA:56,0
DA:57,0
DA:58,0
DA:59,0
DA:63,0
DA:64,0
DA:65,0
DA:66,0
DA:71,0
DA:72,0
DA:73,0
DA:74,0
DA:75,0
DA:77,0
DA:78,0
DA:79,0
DA:84,0
DA:85,0
DA:86,0
DA:88,0
DA:91,0
DA:97,0
DA:98,0
DA:101,0
DA:107,0
DA:108,0
DA:113,0
DA:115,0
DA:130,0
DA:136,0
DA:139,0
LF:57
LH:0
BRDA:28,0,0,0
BRDA:28,0,1,0
BRDA:44,1,0,0
BRDA:44,1,1,0
BRDA:85,2,0,0
BRDA:85,2,1,0
BRDA:86,3,0,0
BRDA:86,3,1,0
BRDA:113,4,0,0
BRDA:113,4,1,0
BRDA:121,5,0,0
BRDA:121,5,1,0
BRDA:122,6,0,0
BRDA:122,6,1,0
BRDA:131,7,0,0
BRDA:131,7,1,0
BRF:16
BRH:0
end_of_record
TN:
SF:src/main.jsx
FNF:0
FNH:0
DA:5,0
LF:1
LH:0
BRF:0
BRH:0
end_of_record
TN:
SF:src/components/Footer.jsx
FN:1,(anonymous_0)
FNF:1
FNH:0
FNDA:0,(anonymous_0)
DA:1,0
DA:2,0
DA:8,0
LF:3
LH:0
BRF:0
BRH:0
end_of_record
TN:
SF:src/components/LoginForm.jsx
FN:3,(anonymous_0)
FNF:1
FNH:0
FNDA:0,(anonymous_0)
DA:3,0
DA:10,0
DA:33,0
LF:3
LH:0
BRF:0
BRH:0
end_of_record
TN:
SF:src/components/Note.jsx
FN:1,(anonymous_0)
FNF:1
FNH:1
FNDA:1,(anonymous_0)
DA:1,1
DA:2,1
DA:4,1
LF:3
LH:3
BRDA:2,0,0,1
BRDA:2,0,1,0
BRF:2
BRH:1
end_of_record
TN:
SF:src/components/NoteForm.jsx
FN:3,(anonymous_0)
FN:6,(anonymous_1)
FN:23,(anonymous_2)
FNF:3
FNH:3
FNDA:16,(anonymous_0)
FNDA:1,(anonymous_1)
FNDA:14,(anonymous_2)
DA:3,1
DA:4,16
DA:6,16
DA:7,1
DA:8,1
DA:13,1
DA:16,16
DA:23,14
LF:8
LH:8
BRF:0
BRH:0
end_of_record
TN:
SF:src/components/Notification.jsx
FN:1,(anonymous_0)
FNF:1
FNH:0
FNDA:0,(anonymous_0)
DA:1,0
DA:2,0
DA:3,0
DA:6,0
LF:4
LH:0
BRDA:2,0,0,0
BRDA:2,0,1,0
BRF:2
BRH:0
end_of_record
TN:
SF:src/components/Togglable.jsx
FN:4,(anonymous_0)
FN:10,(anonymous_1)
FN:14,(anonymous_2)
FNF:3
FNH:2
FNDA:7,(anonymous_0)
FNDA:3,(anonymous_1)
FNDA:0,(anonymous_2)
DA:4,1
DA:5,7
DA:7,7
DA:8,7
DA:10,7
DA:11,3
DA:14,7
DA:15,0
DA:20,7
DA:33,1
DA:35,1
LF:11
LH:10
BRDA:7,0,0,2
BRDA:7,0,1,5
BRDA:8,1,0,2
BRDA:8,1,1,5
BRF:4
BRH:4
end_of_record
TN:
SF:src/services/login.js
FN:4,(anonymous_0)
FNF:1
FNH:0
FNDA:0,(anonymous_0)
DA:2,0
DA:4,0
DA:5,0
DA:6,0
LF:4
LH:0
BRF:0
BRH:0
end_of_record
TN:
SF:src/services/notes.js
FN:6,(anonymous_0)
FN:10,(anonymous_1)
FN:12,(anonymous_2)
FN:15,(anonymous_3)
FN:21,(anonymous_4)
FN:24,(anonymous_5)
FN:26,(anonymous_6)
FNF:7
FNH:0
FNDA:0,(anonymous_0)
FNDA:0,(anonymous_1)
FNDA:0,(anonymous_2)
FNDA:0,(anonymous_3)
FNDA:0,(anonymous_4)
FNDA:0,(anonymous_5)
FNDA:0,(anonymous_6)
DA:2,0
DA:4,0
DA:6,0
DA:7,0
DA:10,0
DA:11,0
DA:12,0
DA:15,0
DA:16,0
DA:20,0
DA:21,0
DA:24,0
DA:25,0
DA:26,0
LF:14
LH:0
BRF:0
BRH:0
end_of_record
